TN:
SF:src/server.ts
FN:27,(anonymous_1)
FN:50,(anonymous_2)
FN:52,(anonymous_3)
FN:89,(anonymous_4)
FN:113,(anonymous_5)
FN:122,(anonymous_6)
FNF:6
FNH:0
FNDA:0,(anonymous_1)
FNDA:0,(anonymous_2)
FNDA:0,(anonymous_3)
FNDA:0,(anonymous_4)
FNDA:0,(anonymous_5)
FNDA:0,(anonymous_6)
DA:3,0
DA:4,0
DA:5,0
DA:6,0
DA:7,0
DA:8,0
DA:9,0
DA:10,0
DA:11,0
DA:14,0
DA:15,0
DA:18,0
DA:29,0
DA:30,0
DA:31,0
DA:34,0
DA:47,0
DA:52,0
DA:89,0
DA:90,0
DA:92,0
DA:93,0
DA:95,0
DA:98,0
DA:101,0
DA:104,0
DA:114,0
DA:115,0
DA:116,0
DA:120,0
DA:121,0
DA:122,0
DA:123,0
DA:124,0
DA:129,0
LF:35
LH:0
BRDA:93,0,0,0
BRDA:93,0,1,0
BRDA:93,0,2,0
BRDA:106,1,0,0
BRDA:106,1,1,0
BRDA:120,2,0,0
BRF:6
BRH:0
end_of_record
TN:
SF:src/mcp/ContextMCPServer.ts
FN:11,(anonymous_9)
FN:21,(anonymous_10)
FN:26,(anonymous_11)
FN:40,(anonymous_12)
FN:87,(anonymous_13)
FN:88,(anonymous_14)
FN:99,(anonymous_15)
FN:100,(anonymous_16)
FNF:8
FNH:6
FNDA:9,(anonymous_9)
FNDA:9,(anonymous_10)
FNDA:3,(anonymous_11)
FNDA:3,(anonymous_12)
FNDA:2,(anonymous_13)
FNDA:2,(anonymous_14)
FNDA:0,(anonymous_15)
FNDA:0,(anonymous_16)
DA:1,1
DA:2,1
DA:6,1
DA:12,9
DA:13,9
DA:14,9
DA:18,9
DA:31,3
DA:32,3
DA:33,2
DA:34,1
DA:36,2
DA:58,3
DA:60,3
DA:72,3
DA:74,3
DA:75,2
DA:78,1
DA:79,1
DA:81,1
DA:83,0
DA:88,4
DA:89,2
DA:90,2
DA:92,1
DA:93,0
DA:95,1
DA:100,0
DA:101,0
DA:102,0
LF:30
LH:25
BRDA:36,0,0,2
BRDA:36,0,1,0
BRDA:74,1,0,2
BRDA:92,2,0,0
BRF:4
BRH:2
end_of_record
TN:
SF:src/project/ProjectManager.ts
FN:9,(anonymous_9)
FN:13,(anonymous_10)
FN:39,(anonymous_11)
FN:47,(anonymous_12)
FN:58,(anonymous_13)
FN:92,(anonymous_14)
FNF:6
FNH:5
FNDA:5,(anonymous_9)
FNDA:2,(anonymous_10)
FNDA:2,(anonymous_11)
FNDA:0,(anonymous_12)
FNDA:1,(anonymous_13)
FNDA:3,(anonymous_14)
DA:1,1
DA:2,1
DA:5,1
DA:6,5
DA:10,5
DA:14,2
DA:15,2
DA:17,2
DA:18,2
DA:22,1
DA:24,1
DA:27,2
DA:35,2
DA:36,2
DA:40,2
DA:41,2
DA:42,1
DA:44,1
DA:49,0
DA:50,0
DA:51,0
DA:52,0
DA:53,0
DA:55,0
DA:59,1
DA:60,1
DA:63,1
DA:85,1
DA:93,3
DA:94,3
DA:95,3
DA:97,3
DA:98,2
DA:99,2
DA:100,2
DA:101,2
DA:105,1
DA:107,2
DA:108,2
LF:39
LH:33
BRDA:41,0,0,1
BRDA:98,1,0,2
BRF:2
BRH:2
end_of_record
TN:
SF:src/sequential/SequentialReasoningEngine.ts
FN:22,(anonymous_0)
FN:24,(anonymous_1)
FN:56,(anonymous_2)
FN:72,(anonymous_3)
FN:83,(anonymous_4)
FN:84,(anonymous_5)
FN:99,(anonymous_6)
FN:109,(anonymous_7)
FN:129,(anonymous_8)
FN:149,(anonymous_9)
FN:167,(anonymous_10)
FNF:11
FNH:7
FNDA:6,(anonymous_0)
FNDA:5,(anonymous_1)
FNDA:5,(anonymous_2)
FNDA:5,(anonymous_3)
FNDA:5,(anonymous_4)
FNDA:0,(anonymous_5)
FNDA:0,(anonymous_6)
FNDA:1,(anonymous_7)
FNDA:4,(anonymous_8)
FNDA:0,(anonymous_9)
FNDA:0,(anonymous_10)
DA:19,1
DA:20,6
DA:22,6
DA:30,5
DA:31,5
DA:33,5
DA:34,1
DA:37,4
DA:38,1
DA:46,3
DA:48,3
DA:59,5
DA:77,5
DA:78,0
DA:82,5
DA:83,5
DA:84,0
DA:87,5
DA:89,1
DA:91,4
DA:93,0
DA:95,0
DA:100,0
DA:106,0
DA:113,1
DA:114,1
DA:116,1
DA:134,4
DA:136,4
DA:154,0
DA:171,0
LF:31
LH:23
BRDA:28,0,0,2
BRDA:33,1,0,1
BRDA:37,2,0,1
BRDA:77,3,0,0
BRDA:77,4,0,5
BRDA:77,4,1,5
BRDA:82,5,0,5
BRDA:82,5,1,0
BRDA:87,6,0,1
BRDA:87,6,1,4
BRDA:87,6,2,0
BRDA:87,6,3,0
BRDA:106,7,0,0
BRDA:106,7,1,0
BRDA:113,8,0,1
BRDA:113,8,1,0
BRDA:114,9,0,1
BRDA:114,9,1,0
BRDA:114,9,2,0
BRDA:134,10,0,4
BRDA:134,10,1,0
BRDA:143,11,0,4
BRDA:143,11,1,0
BRDA:143,11,2,0
BRDA:144,12,0,4
BRDA:144,12,1,0
BRDA:144,12,2,0
BRDA:145,13,0,4
BRDA:145,13,1,0
BRDA:161,14,0,0
BRDA:161,14,1,0
BRDA:162,15,0,0
BRDA:162,15,1,0
BRDA:163,16,0,0
BRDA:163,16,1,0
BRDA:172,17,0,0
BRDA:172,17,1,0
BRDA:178,18,0,0
BRDA:178,18,1,0
BRDA:179,19,0,0
BRDA:179,19,1,0
BRDA:179,19,2,0
BRDA:180,20,0,0
BRDA:180,20,1,0
BRF:44
BRH:14
end_of_record
TN:
SF:src/validation/ValidationEngine.ts
FN:4,(anonymous_0)
FN:57,(anonymous_1)
FN:79,(anonymous_2)
FN:87,(anonymous_3)
FN:95,(anonymous_4)
FNF:5
FNH:4
FNDA:4,(anonymous_0)
FNDA:7,(anonymous_1)
FNDA:4,(anonymous_2)
FNDA:0,(anonymous_3)
FNDA:5,(anonymous_4)
DA:3,1
DA:9,4
DA:12,4
DA:15,4
DA:16,8
DA:17,1
DA:29,4
DA:30,7
DA:31,7
DA:32,7
DA:33,7
DA:38,4
DA:39,4
DA:40,1
DA:50,4
DA:63,7
DA:66,7
DA:67,1
DA:78,7
DA:79,4
DA:80,3
DA:81,0
DA:87,0
DA:92,7
DA:96,5
DA:97,5
DA:98,5
DA:99,5
DA:101,5
DA:102,31
DA:103,31
DA:104,9
DA:105,4
DA:107,9
DA:108,9
DA:109,22
DA:110,13
DA:115,5
DA:116,5
DA:119,5
LF:40
LH:38
BRDA:16,0,0,1
BRDA:22,1,0,1
BRDA:22,1,1,0
BRDA:31,2,0,7
BRDA:39,3,0,1
BRDA:43,4,0,1
BRDA:43,4,1,0
BRDA:44,5,0,1
BRDA:44,5,1,0
BRDA:45,6,0,1
BRDA:45,6,1,0
BRDA:53,7,0,1
BRDA:53,7,1,3
BRDA:66,8,0,1
BRDA:66,9,0,7
BRDA:66,9,1,4
BRDA:78,10,0,3
BRDA:78,11,0,7
BRDA:78,11,1,3
BRDA:80,12,0,0
BRDA:103,13,0,9
BRDA:103,13,1,22
BRDA:104,14,0,4
BRDA:109,15,0,13
BRDA:115,16,0,5
BRDA:115,17,0,5
BRDA:115,17,1,5
BRF:27
BRH:22
end_of_record
