TN:
SF:src/mock-mcp-server.ts
FN:10,(anonymous_0)
FN:14,(anonymous_1)
FN:18,(anonymous_2)
FN:22,(anonymous_3)
FN:41,(anonymous_4)
FN:46,(anonymous_5)
FNF:6
FNH:3
FNDA:10,(anonymous_0)
FNDA:10,(anonymous_1)
FNDA:20,(anonymous_2)
FNDA:0,(anonymous_3)
FNDA:0,(anonymous_4)
FNDA:0,(anonymous_5)
DA:6,1
DA:7,10
DA:8,10
DA:11,10
DA:19,20
DA:23,0
DA:24,0
DA:25,0
DA:28,0
DA:29,0
DA:30,0
DA:32,0
DA:42,0
DA:48,0
LF:14
LH:5
BRDA:24,0,0,0
BRDA:34,1,0,0
BRDA:34,1,1,0
BRF:3
BRH:0
end_of_record
TN:
SF:src/server.ts
FN:32,(anonymous_0)
FN:38,(anonymous_1)
FN:40,(anonymous_2)
FN:44,(anonymous_3)
FN:50,(anonymous_4)
FN:76,(anonymous_5)
FN:111,(anonymous_6)
FN:148,(anonymous_7)
FN:178,(anonymous_8)
FNF:9
FNH:7
FNDA:10,(anonymous_0)
FNDA:10,(anonymous_1)
FNDA:0,(anonymous_2)
FNDA:0,(anonymous_3)
FNDA:4,(anonymous_4)
FNDA:5,(anonymous_5)
FNDA:1,(anonymous_6)
FNDA:3,(anonymous_7)
FNDA:9,(anonymous_8)
DA:1,1
DA:2,1
DA:13,1
DA:21,1
DA:28,1
DA:33,10
DA:34,10
DA:35,10
DA:40,10
DA:44,10
DA:45,0
DA:51,4
DA:53,4
DA:54,2
DA:55,2
DA:58,4
DA:61,4
DA:62,2
DA:66,2
DA:69,4
DA:77,5
DA:78,5
DA:81,5
DA:83,5
DA:84,2
DA:93,3
DA:94,3
DA:95,3
DA:96,3
DA:99,3
DA:104,3
DA:112,1
DA:149,3
DA:150,3
DA:152,1
DA:153,1
DA:156,1
DA:162,1
DA:163,1
DA:166,1
DA:169,1
DA:179,9
DA:184,1
DA:187,1
DA:188,0
LF:45
LH:43
BRDA:53,0,0,2
BRDA:61,1,0,2
BRDA:83,2,0,2
BRDA:94,3,0,3
BRDA:150,4,0,1
BRDA:150,4,1,1
BRDA:150,4,2,1
BRDA:171,5,0,1
BRDA:171,5,1,0
BRDA:187,6,0,0
BRF:10
BRH:8
end_of_record
TN:
SF:src/validation.ts
FN:15,validateContent
FN:54,(anonymous_1)
FNF:2
FNH:2
FNDA:9,validateContent
FNDA:6,(anonymous_1)
DA:15,2
DA:19,9
DA:20,9
DA:23,9
DA:24,1
DA:29,1
DA:30,1
DA:33,8
DA:34,2
DA:39,2
DA:43,8
DA:44,8
DA:45,3
DA:50,3
DA:53,5
DA:54,5
DA:55,6
DA:56,6
DA:57,6
DA:58,1
DA:70,9
DA:71,5
DA:73,5
DA:77,5
DA:78,4
DA:79,4
DA:83,9
DA:91,2
DA:112,2
LF:29
LH:29
BRDA:23,0,0,1
BRDA:23,0,1,8
BRDA:33,1,0,2
BRDA:44,2,0,3
BRDA:44,2,1,5
BRDA:44,3,0,8
BRDA:44,3,1,5
BRDA:57,4,0,1
BRDA:70,5,0,5
BRDA:77,6,0,4
BRDA:86,7,0,5
BRDA:86,7,1,4
BRF:12
BRH:12
end_of_record
